This is pdfTeX, Version 3.14159265-2.6-1.40.15 (TeX Live 2014) (preloaded format=pdflatex 2014.5.25)  5 OCT 2015 14:11
entering extended mode
 restricted \write18 enabled.
 %&-line parsing enabled.
**main.tex
(./main.tex
LaTeX2e <2014/05/01>
Babel <3.9k> and hyphenation patterns for 78 languages loaded.
(/usr/local/texlive/2014/texmf-dist/tex/latex/koma-script/scrbook.cls
Document Class: scrbook 2013/12/19 v3.12 KOMA-Script document class (book)
(/usr/local/texlive/2014/texmf-dist/tex/latex/koma-script/scrkbase.sty
Package: scrkbase 2013/12/19 v3.12 KOMA-Script package (KOMA-Script-dependent b
asics and keyval usage)

(/usr/local/texlive/2014/texmf-dist/tex/latex/koma-script/scrbase.sty
Package: scrbase 2013/12/19 v3.12 KOMA-Script package (KOMA-Script-independent 
basics and keyval usage)

(/usr/local/texlive/2014/texmf-dist/tex/latex/graphics/keyval.sty
Package: keyval 2014/05/08 v1.15 key=value parser (DPC)
\KV@toks@=\toks14
)
(/usr/local/texlive/2014/texmf-dist/tex/latex/koma-script/scrlfile.sty
Package: scrlfile 2013/12/19 v3.12 KOMA-Script package (loading files)

Package scrlfile, 2013/12/19 v3.12 KOMA-Script package (loading files)
                  Copyright (C) Markus Kohm

))) (/usr/local/texlive/2014/texmf-dist/tex/latex/koma-script/tocbasic.sty
Package: tocbasic 2013/12/19 v3.12 KOMA-Script package (handling toc-files)
)
Package tocbasic Info: omitting babel extension for `toc'
(tocbasic)             because of feature `nobabel' available
(tocbasic)             for `toc' on input line 117.
Package tocbasic Info: omitting babel extension for `lof'
(tocbasic)             because of feature `nobabel' available
(tocbasic)             for `lof' on input line 118.
Package tocbasic Info: omitting babel extension for `lot'
(tocbasic)             because of feature `nobabel' available
(tocbasic)             for `lot' on input line 119.
Package tocbasic Info: defining new hook before heading of `' on input line 111
8.
Package scrbook Info: You've used standard option `11pt'.
(scrbook)             This is correct!
(scrbook)             Internally I'm using `fontsize=11pt'.
(scrbook)             If you'd like to set the option with \KOMAoptions,
(scrbook)             you'd have to use `fontsize=11pt' there
(scrbook)             instead of `11pt', too.


Class scrbook Warning: You've used obsolete option `bibtotoc'.
(scrbook)              Usage of this option indicates an old document and
(scrbook)              is deprecated.
(scrbook)              You should simply replace
(scrbook)              usage of option `bibtotoc' by `bibliography=totoc'.

Class scrbook Info: Switching compatibility level to `first'.

Class scrbook Warning: You've used obsolete option `idxtotoc'.
(scrbook)              Usage of this option indicates an old document and
(scrbook)              is deprecated.
(scrbook)              You should simply replace
(scrbook)              usage of option `idxtotoc' by `index=totoc'.

Class scrbook Info: Switching compatibility level to `first'.
Class scrbook Info: File `scrsize11pt.clo' used to setup font sizes on input li
ne 1655.
(/usr/local/texlive/2014/texmf-dist/tex/latex/koma-script/scrsize11pt.clo
File: scrsize11pt.clo 2013/12/19 v3.12 KOMA-Script font size class option (11pt
)
)
(/usr/local/texlive/2014/texmf-dist/tex/latex/koma-script/typearea.sty
Package: typearea 2013/12/19 v3.12 KOMA-Script package (type area)

Package typearea, 2013/12/19 v3.12 KOMA-Script package (type area)
                  Copyright (C) Frank Neukam, 1992-1994
                  Copyright (C) Markus Kohm, 1994-

\ta@bcor=\skip41
\ta@div=\count79
Package typearea Info: You've used standard option `a4paper'.
(typearea)             This is correct!
(typearea)             Internally I'm using `paper=a4'.
(typearea)             If you'd like to set the option with \KOMAoptions,
(typearea)             you'd have to use `paper=a4' there
(typearea)             instead of `a4paper', too.

Package typearea Warning: You've used obsolete option `footexclude'.
(typearea)                Usage of this option indicates an old document and
(typearea)                is deprecated.
(typearea)                You should simply replace
(typearea)                usage of option `footexclude' by `footinclude=false'.


Package scrextend Info: Switching compatibility level to `first'.
\ta@hblk=\skip42
\ta@vblk=\skip43
\ta@temp=\skip44
\footheight=\skip45
Package typearea Info: These are the values describing the layout:
(typearea)             DIV  = 13
(typearea)             BCOR = 34.1433pt
(typearea)             \paperwidth      = 597.50793pt
(typearea)              \textwidth      = 433.35742pt
(typearea)              DIV departure   = -10%
(typearea)              \evensidemargin = 14.40149pt
(typearea)              \oddsidemargin  = 5.20905pt
(typearea)             \paperheight     = 845.04694pt
(typearea)              \textheight     = 623.00027pt
(typearea)              \topmargin      = -7.26639pt
(typearea)              \headheight     = 17.0pt
(typearea)              \headsep        = 20.40001pt
(typearea)              \topskip        = 11.0pt
(typearea)              \footskip       = 47.6pt
(typearea)              \baselineskip   = 13.6pt
(typearea)              on input line 1330.
)
\c@part=\count80
\c@chapter=\count81
\c@section=\count82
\c@subsection=\count83
\c@subsubsection=\count84
\c@paragraph=\count85
\c@subparagraph=\count86
\abovecaptionskip=\skip46
\belowcaptionskip=\skip47
\c@pti@nb@sid@b@x=\box26
\c@figure=\count87
\c@table=\count88
\bibindent=\dimen102
) (./components/info.tex) (./components/settings.tex
(/usr/local/texlive/2014/texmf-dist/tex/latex/koma-script/scrpage2.sty
Package: scrpage2 2013/12/19 v3.12 KOMA-Script package (page head and foot)
LaTeX Info: Redefining \pagemark on input line 174.
)
(/usr/local/texlive/2014/texmf-dist/tex/latex/base/ifthen.sty
Package: ifthen 2001/05/26 v1.1c Standard LaTeX ifthen package (DPC)
)
(/usr/local/texlive/2014/texmf-dist/tex/latex/psnfss/palatino.sty
Package: palatino 2005/04/12 PSNFSS-v9.2a (SPQR) 
)
(/usr/local/texlive/2014/texmf-dist/tex/latex/psnfss/pifont.sty
Package: pifont 2005/04/12 PSNFSS-v9.2a Pi font support (SPQR) 
LaTeX Font Info:    Try loading font information for U+pzd on input line 63.

(/usr/local/texlive/2014/texmf-dist/tex/latex/psnfss/upzd.fd
File: upzd.fd 2001/06/04 font definitions for U/pzd.
)
LaTeX Font Info:    Try loading font information for U+psy on input line 64.

(/usr/local/texlive/2014/texmf-dist/tex/latex/psnfss/upsy.fd
File: upsy.fd 2001/06/04 font definitions for U/psy.
))
(/usr/local/texlive/2014/texmf-dist/tex/latex/base/fontenc.sty
Package: fontenc 2005/09/27 v1.99g Standard LaTeX package

(/usr/local/texlive/2014/texmf-dist/tex/latex/base/t1enc.def
File: t1enc.def 2005/09/27 v1.99g Standard LaTeX file
LaTeX Font Info:    Redeclaring font encoding T1 on input line 43.
))
(/usr/local/texlive/2014/texmf-dist/tex/generic/thumbpdf/thumbpdf.sty
Package: thumbpdf 2012/04/18 v3.15 Inclusion of thumbnails (HO)


Package thumbpdf Warning: Compressed PDF objects of PDF 1.5 are not supported.


Package thumbpdf Warning: Thumbnail data file `main.tpt' not found.

) (/usr/local/texlive/2014/texmf-dist/tex/latex/subfigure/subfigure.sty
Package: subfigure 2002/03/15 v2.1.5 subfigure package
\subfigtopskip=\skip48
\subfigcapskip=\skip49
\subfigcaptopadj=\dimen103
\subfigbottomskip=\skip50
\subfigcapmargin=\dimen104
\subfiglabelskip=\skip51
\c@subfigure=\count89
\c@lofdepth=\count90
\c@subtable=\count91
\c@lotdepth=\count92

****************************************
* Local config file subfigure.cfg used *
****************************************
(/usr/local/texlive/2014/texmf-dist/tex/latex/subfigure/subfigure.cfg)
\subfig@top=\skip52
\subfig@bottom=\skip53
)
(/usr/local/texlive/2014/texmf-dist/tex/latex/colortbl/colortbl.sty
Package: colortbl 2012/02/13 v1.0a Color table columns (DPC)

(/usr/local/texlive/2014/texmf-dist/tex/latex/tools/array.sty
Package: array 2008/09/09 v2.4c Tabular extension package (FMi)
\col@sep=\dimen105
\extrarowheight=\dimen106
\NC@list=\toks15
\extratabsurround=\skip54
\backup@length=\skip55
)
(/usr/local/texlive/2014/texmf-dist/tex/latex/graphics/color.sty
Package: color 2014/04/23 v1.1a Standard LaTeX Color (DPC)

(/usr/local/texlive/2014/texmf-dist/tex/latex/latexconfig/color.cfg
File: color.cfg 2007/01/18 v1.5 color configuration of teTeX/TeXLive
)
Package color Info: Driver file: pdftex.def on input line 137.

(/usr/local/texlive/2014/texmf-dist/tex/latex/pdftex-def/pdftex.def
File: pdftex.def 2011/05/27 v0.06d Graphics/color for pdfTeX

(/usr/local/texlive/2014/texmf-dist/tex/generic/oberdiek/infwarerr.sty
Package: infwarerr 2010/04/08 v1.3 Providing info/warning/error messages (HO)
)
(/usr/local/texlive/2014/texmf-dist/tex/generic/oberdiek/ltxcmds.sty
Package: ltxcmds 2011/11/09 v1.22 LaTeX kernel commands for general use (HO)
)
\Gread@gobject=\count93
))
\everycr=\toks16
\minrowclearance=\skip56
)
(./styles/tumlogo.sty)
(/usr/local/texlive/2014/texmf-dist/tex/latex/multirow/multirow.sty
\bigstrutjot=\dimen107
)
(/usr/local/texlive/2014/texmf-dist/tex/latex/amsmath/amsmath.sty
Package: amsmath 2013/01/14 v2.14 AMS math features
\@mathmargin=\skip57

For additional information on amsmath, use the `?' option.
(/usr/local/texlive/2014/texmf-dist/tex/latex/amsmath/amstext.sty
Package: amstext 2000/06/29 v2.01

(/usr/local/texlive/2014/texmf-dist/tex/latex/amsmath/amsgen.sty
File: amsgen.sty 1999/11/30 v2.0
\@emptytoks=\toks17
\ex@=\dimen108
))
(/usr/local/texlive/2014/texmf-dist/tex/latex/amsmath/amsbsy.sty
Package: amsbsy 1999/11/29 v1.2d
\pmbraise@=\dimen109
)
(/usr/local/texlive/2014/texmf-dist/tex/latex/amsmath/amsopn.sty
Package: amsopn 1999/12/14 v2.01 operator names
)
\inf@bad=\count94
LaTeX Info: Redefining \frac on input line 210.
\uproot@=\count95
\leftroot@=\count96
LaTeX Info: Redefining \overline on input line 306.
\classnum@=\count97
\DOTSCASE@=\count98
LaTeX Info: Redefining \ldots on input line 378.
LaTeX Info: Redefining \dots on input line 381.
LaTeX Info: Redefining \cdots on input line 466.
\Mathstrutbox@=\box27
\strutbox@=\box28
\big@size=\dimen110
LaTeX Font Info:    Redeclaring font encoding OML on input line 566.
LaTeX Font Info:    Redeclaring font encoding OMS on input line 567.
\macc@depth=\count99
\c@MaxMatrixCols=\count100
\dotsspace@=\muskip10
\c@parentequation=\count101
\dspbrk@lvl=\count102
\tag@help=\toks18
\row@=\count103
\column@=\count104
\maxfields@=\count105
\andhelp@=\toks19
\eqnshift@=\dimen111
\alignsep@=\dimen112
\tagshift@=\dimen113
\tagwidth@=\dimen114
\totwidth@=\dimen115
\lineht@=\dimen116
\@envbody=\toks20
\multlinegap=\skip58
\multlinetaggap=\skip59
\mathdisplay@stack=\toks21
LaTeX Info: Redefining \[ on input line 2665.
LaTeX Info: Redefining \] on input line 2666.
)
(/usr/local/texlive/2014/texmf-dist/tex/latex/amsfonts/amsfonts.sty
Package: amsfonts 2013/01/14 v3.01 Basic AMSFonts support
\symAMSa=\mathgroup4
\symAMSb=\mathgroup5
LaTeX Font Info:    Overwriting math alphabet `\mathfrak' in version `bold'
(Font)                  U/euf/m/n --> U/euf/b/n on input line 106.
)
(/usr/local/texlive/2014/texmf-dist/tex/latex/amsfonts/amssymb.sty
Package: amssymb 2013/01/14 v3.01 AMS font symbols
)
(/usr/local/texlive/2014/texmf-dist/tex/latex/base/textcomp.sty
Package: textcomp 2005/09/27 v1.99g Standard LaTeX package
Package textcomp Info: Sub-encoding information:
(textcomp)               5 = only ISO-Adobe without \textcurrency
(textcomp)               4 = 5 + \texteuro
(textcomp)               3 = 4 + \textohm
(textcomp)               2 = 3 + \textestimated + \textcurrency
(textcomp)               1 = TS1 - \textcircled - \t
(textcomp)               0 = TS1 (full)
(textcomp)             Font families with sub-encoding setting implement
(textcomp)             only a restricted character set as indicated.
(textcomp)             Family '?' is the default used for unknown fonts.
(textcomp)             See the documentation for details.
Package textcomp Info: Setting ? sub-encoding to TS1/1 on input line 71.

(/usr/local/texlive/2014/texmf-dist/tex/latex/base/ts1enc.def
File: ts1enc.def 2001/06/05 v3.0e (jk/car/fm) Standard LaTeX file
)
LaTeX Info: Redefining \oldstylenums on input line 266.
Package textcomp Info: Setting cmr sub-encoding to TS1/0 on input line 281.
Package textcomp Info: Setting cmss sub-encoding to TS1/0 on input line 282.
Package textcomp Info: Setting cmtt sub-encoding to TS1/0 on input line 283.
Package textcomp Info: Setting cmvtt sub-encoding to TS1/0 on input line 284.
Package textcomp Info: Setting cmbr sub-encoding to TS1/0 on input line 285.
Package textcomp Info: Setting cmtl sub-encoding to TS1/0 on input line 286.
Package textcomp Info: Setting ccr sub-encoding to TS1/0 on input line 287.
Package textcomp Info: Setting ptm sub-encoding to TS1/4 on input line 288.
Package textcomp Info: Setting pcr sub-encoding to TS1/4 on input line 289.
Package textcomp Info: Setting phv sub-encoding to TS1/4 on input line 290.
Package textcomp Info: Setting ppl sub-encoding to TS1/3 on input line 291.
Package textcomp Info: Setting pag sub-encoding to TS1/4 on input line 292.
Package textcomp Info: Setting pbk sub-encoding to TS1/4 on input line 293.
Package textcomp Info: Setting pnc sub-encoding to TS1/4 on input line 294.
Package textcomp Info: Setting pzc sub-encoding to TS1/4 on input line 295.
Package textcomp Info: Setting bch sub-encoding to TS1/4 on input line 296.
Package textcomp Info: Setting put sub-encoding to TS1/5 on input line 297.
Package textcomp Info: Setting uag sub-encoding to TS1/5 on input line 298.
Package textcomp Info: Setting ugq sub-encoding to TS1/5 on input line 299.
Package textcomp Info: Setting ul8 sub-encoding to TS1/4 on input line 300.
Package textcomp Info: Setting ul9 sub-encoding to TS1/4 on input line 301.
Package textcomp Info: Setting augie sub-encoding to TS1/5 on input line 302.
Package textcomp Info: Setting dayrom sub-encoding to TS1/3 on input line 303.
Package textcomp Info: Setting dayroms sub-encoding to TS1/3 on input line 304.

Package textcomp Info: Setting pxr sub-encoding to TS1/0 on input line 305.
Package textcomp Info: Setting pxss sub-encoding to TS1/0 on input line 306.
Package textcomp Info: Setting pxtt sub-encoding to TS1/0 on input line 307.
Package textcomp Info: Setting txr sub-encoding to TS1/0 on input line 308.
Package textcomp Info: Setting txss sub-encoding to TS1/0 on input line 309.
Package textcomp Info: Setting txtt sub-encoding to TS1/0 on input line 310.
Package textcomp Info: Setting lmr sub-encoding to TS1/0 on input line 311.
Package textcomp Info: Setting lmdh sub-encoding to TS1/0 on input line 312.
Package textcomp Info: Setting lmss sub-encoding to TS1/0 on input line 313.
Package textcomp Info: Setting lmssq sub-encoding to TS1/0 on input line 314.
Package textcomp Info: Setting lmvtt sub-encoding to TS1/0 on input line 315.
Package textcomp Info: Setting qhv sub-encoding to TS1/0 on input line 316.
Package textcomp Info: Setting qag sub-encoding to TS1/0 on input line 317.
Package textcomp Info: Setting qbk sub-encoding to TS1/0 on input line 318.
Package textcomp Info: Setting qcr sub-encoding to TS1/0 on input line 319.
Package textcomp Info: Setting qcs sub-encoding to TS1/0 on input line 320.
Package textcomp Info: Setting qpl sub-encoding to TS1/0 on input line 321.
Package textcomp Info: Setting qtm sub-encoding to TS1/0 on input line 322.
Package textcomp Info: Setting qzc sub-encoding to TS1/0 on input line 323.
Package textcomp Info: Setting qhvc sub-encoding to TS1/0 on input line 324.
Package textcomp Info: Setting futs sub-encoding to TS1/4 on input line 325.
Package textcomp Info: Setting futx sub-encoding to TS1/4 on input line 326.
Package textcomp Info: Setting futj sub-encoding to TS1/4 on input line 327.
Package textcomp Info: Setting hlh sub-encoding to TS1/3 on input line 328.
Package textcomp Info: Setting hls sub-encoding to TS1/3 on input line 329.
Package textcomp Info: Setting hlst sub-encoding to TS1/3 on input line 330.
Package textcomp Info: Setting hlct sub-encoding to TS1/5 on input line 331.
Package textcomp Info: Setting hlx sub-encoding to TS1/5 on input line 332.
Package textcomp Info: Setting hlce sub-encoding to TS1/5 on input line 333.
Package textcomp Info: Setting hlcn sub-encoding to TS1/5 on input line 334.
Package textcomp Info: Setting hlcw sub-encoding to TS1/5 on input line 335.
Package textcomp Info: Setting hlcf sub-encoding to TS1/5 on input line 336.
Package textcomp Info: Setting pplx sub-encoding to TS1/3 on input line 337.
Package textcomp Info: Setting pplj sub-encoding to TS1/3 on input line 338.
Package textcomp Info: Setting ptmx sub-encoding to TS1/4 on input line 339.
Package textcomp Info: Setting ptmj sub-encoding to TS1/4 on input line 340.
)
(/usr/local/texlive/2014/texmf-dist/tex/latex/yhmath/yhmath.sty
Package: yhmath 
LaTeX Font Info:    Redeclaring symbol font `largesymbols' on input line 12.
LaTeX Font Info:    Overwriting symbol font `largesymbols' in version `normal'
(Font)                  OMX/cmex/m/n --> OMX/yhex/m/n on input line 12.
LaTeX Font Info:    Overwriting symbol font `largesymbols' in version `bold'
(Font)                  OMX/cmex/m/n --> OMX/yhex/m/n on input line 12.
LaTeX Font Info:    Redeclaring math accent \widetilde on input line 13.
LaTeX Font Info:    Redeclaring math accent \widehat on input line 14.
)
(/usr/local/texlive/2014/texmf-dist/tex/latex/base/makeidx.sty
Package: makeidx 2000/03/29 v1.0m Standard LaTeX package
)
(/usr/local/texlive/2014/texmf-dist/tex/latex/float/float.sty
Package: float 2001/11/08 v1.3d Float enhancements (AL)
\c@float@type=\count106
\float@exts=\toks22
\float@box=\box29
\@float@everytoks=\toks23
\@floatcapt=\box30
)
(/usr/local/texlive/2014/texmf-dist/tex/generic/babel/babel.sty
Package: babel 2014/03/24 3.9k The Babel package

(/usr/local/texlive/2014/texmf-dist/tex/generic/babel-german/german.ldf
Language: german 2013/12/13 v2.7 German support for babel (traditional orthogra
phy)

(/usr/local/texlive/2014/texmf-dist/tex/generic/babel-german/germanb.ldf
Language: germanb 2013/12/13 v2.7 German support for babel (traditional orthogr
aphy)

(/usr/local/texlive/2014/texmf-dist/tex/generic/babel/babel.def
File: babel.def 2014/03/24 3.9k Babel common definitions
\babel@savecnt=\count107
\U@D=\dimen117
)
\l@austrian = a dialect from \language\l@german 
Package babel Info: Making " an active character on input line 107.
))
(/usr/local/texlive/2014/texmf-dist/tex/generic/babel-english/english.ldf
Language: english 2012/08/20 v3.3p English support from the babel system
\l@canadian = a dialect from \language\l@american 
\l@australian = a dialect from \language\l@british 
\l@newzealand = a dialect from \language\l@british 
))
(/usr/local/texlive/2014/texmf-dist/tex/latex/base/inputenc.sty
Package: inputenc 2014/04/30 v1.2b Input encoding file
\inpenc@prehook=\toks24
\inpenc@posthook=\toks25

(/usr/local/texlive/2014/texmf-dist/tex/latex/base/latin1.def
File: latin1.def 2014/04/30 v1.2b Input encoding file
))
(/usr/local/texlive/2014/texmf-dist/tex/latex/lettrine/lettrine.sty
File: lettrine.sty 2013/03/14 v1.64 (Daniel Flipo)
\c@DefaultLines=\count108
\DefaultFindent=\dimen118
\DefaultNindent=\dimen119
\DefaultSlope=\dimen120
\L@lbox=\box31
\L@tbox=\box32
\c@L@lines=\count109
\L@Pindent=\dimen121
\L@Findent=\dimen122
\L@Nindent=\dimen123
\L@lraise=\dimen124
\L@first=\dimen125
\L@next=\dimen126
\L@slope=\dimen127
\L@height=\dimen128
\LettrineWidth=\dimen129

Loading lettrine.cfg
(/usr/local/texlive/2014/texmf-dist/tex/latex/lettrine/lettrine.cfg))
(./styles/shortoverview.sty

LaTeX Warning: You have requested package `styles/shortoverview',
               but the package provides `shortoverview'.

Package: shortoverview 
) (/usr/local/texlive/2014/texmf-dist/tex/latex/graphics/graphicx.sty
Package: graphicx 2014/04/25 v1.0g Enhanced LaTeX Graphics (DPC,SPQR)

(/usr/local/texlive/2014/texmf-dist/tex/latex/graphics/graphics.sty
Package: graphics 2009/02/05 v1.0o Standard LaTeX Graphics (DPC,SPQR)

(/usr/local/texlive/2014/texmf-dist/tex/latex/graphics/trig.sty
Package: trig 1999/03/16 v1.09 sin cos tan (DPC)
)
(/usr/local/texlive/2014/texmf-dist/tex/latex/latexconfig/graphics.cfg
File: graphics.cfg 2010/04/23 v1.9 graphics configuration of TeX Live
)
Package graphics Info: Driver file: pdftex.def on input line 91.
)
\Gin@req@height=\dimen130
\Gin@req@width=\dimen131
)
(/usr/local/texlive/2014/texmf-dist/tex/latex/rotating/rotating.sty
Package: rotating 2009/03/28 v2.16a rotated objects in LaTeX
\c@r@tfl@t=\count110
\rotFPtop=\skip60
\rotFPbot=\skip61
\rot@float@box=\box33
\rot@mess@toks=\toks26
)
(/usr/local/texlive/2014/texmf-dist/tex/latex/hyperref/hyperref.sty
Package: hyperref 2012/11/06 v6.83m Hypertext links for LaTeX

(/usr/local/texlive/2014/texmf-dist/tex/generic/oberdiek/hobsub-hyperref.sty
Package: hobsub-hyperref 2012/05/28 v1.13 Bundle oberdiek, subset hyperref (HO)


(/usr/local/texlive/2014/texmf-dist/tex/generic/oberdiek/hobsub-generic.sty
Package: hobsub-generic 2012/05/28 v1.13 Bundle oberdiek, subset generic (HO)
Package: hobsub 2012/05/28 v1.13 Construct package bundles (HO)
Package hobsub Info: Skipping package `infwarerr' (already loaded).
Package hobsub Info: Skipping package `ltxcmds' (already loaded).
Package: ifluatex 2010/03/01 v1.3 Provides the ifluatex switch (HO)
Package ifluatex Info: LuaTeX not detected.
Package: ifvtex 2010/03/01 v1.5 Detect VTeX and its facilities (HO)
Package ifvtex Info: VTeX not detected.
Package: intcalc 2007/09/27 v1.1 Expandable calculations with integers (HO)
Package: ifpdf 2011/01/30 v2.3 Provides the ifpdf switch (HO)
Package ifpdf Info: pdfTeX in PDF mode is detected.
Package: etexcmds 2011/02/16 v1.5 Avoid name clashes with e-TeX commands (HO)
Package etexcmds Info: Could not find \expanded.
(etexcmds)             That can mean that you are not using pdfTeX 1.50 or
(etexcmds)             that some package has redefined \expanded.
(etexcmds)             In the latter case, load this package earlier.
Package: kvsetkeys 2012/04/25 v1.16 Key value parser (HO)
Package: kvdefinekeys 2011/04/07 v1.3 Define keys (HO)
Package: pdftexcmds 2011/11/29 v0.20 Utility functions of pdfTeX for LuaTeX (HO
)
Package pdftexcmds Info: LuaTeX not detected.
Package pdftexcmds Info: \pdf@primitive is available.
Package pdftexcmds Info: \pdf@ifprimitive is available.
Package pdftexcmds Info: \pdfdraftmode found.
Package: pdfescape 2011/11/25 v1.13 Implements pdfTeX's escape features (HO)
Package: bigintcalc 2012/04/08 v1.3 Expandable calculations on big integers (HO
)
Package: bitset 2011/01/30 v1.1 Handle bit-vector datatype (HO)
Package: uniquecounter 2011/01/30 v1.2 Provide unlimited unique counter (HO)
)
Package hobsub Info: Skipping package `hobsub' (already loaded).
Package: letltxmacro 2010/09/02 v1.4 Let assignment for LaTeX macros (HO)
Package: hopatch 2012/05/28 v1.2 Wrapper for package hooks (HO)
Package: xcolor-patch 2011/01/30 xcolor patch
Package: atveryend 2011/06/30 v1.8 Hooks at the very end of document (HO)
Package atveryend Info: \enddocument detected (standard20110627).
Package: atbegshi 2011/10/05 v1.16 At begin shipout hook (HO)
Package: refcount 2011/10/16 v3.4 Data extraction from label references (HO)
Package: hycolor 2011/01/30 v1.7 Color options for hyperref/bookmark (HO)
)
(/usr/local/texlive/2014/texmf-dist/tex/generic/ifxetex/ifxetex.sty
Package: ifxetex 2010/09/12 v0.6 Provides ifxetex conditional
)
(/usr/local/texlive/2014/texmf-dist/tex/latex/oberdiek/auxhook.sty
Package: auxhook 2011/03/04 v1.3 Hooks for auxiliary files (HO)
)
(/usr/local/texlive/2014/texmf-dist/tex/latex/oberdiek/kvoptions.sty
Package: kvoptions 2011/06/30 v3.11 Key value format for package options (HO)
)
\@linkdim=\dimen132
\Hy@linkcounter=\count111
\Hy@pagecounter=\count112

(/usr/local/texlive/2014/texmf-dist/tex/latex/hyperref/pd1enc.def
File: pd1enc.def 2012/11/06 v6.83m Hyperref: PDFDocEncoding definition (HO)
)
\Hy@SavedSpaceFactor=\count113

(/usr/local/texlive/2014/texmf-dist/tex/latex/latexconfig/hyperref.cfg
File: hyperref.cfg 2002/06/06 v1.2 hyperref configuration of TeXLive
)
Package hyperref Info: Option `colorlinks' set `false' on input line 4319.
Package hyperref Info: Option `bookmarks' set `true' on input line 4319.
Package hyperref Info: Option `bookmarksopen' set `true' on input line 4319.


Package hyperref Warning: Unexpected value `falsebookmarksnumbered'
(hyperref)                of option `plainpages' instead of
(hyperref)                `true' or 'false' on input line 4319.

Package hyperref Info: Option `hyperindex' set `false' on input line 4319.
Package hyperref Info: Hyper figures OFF on input line 4443.
Package hyperref Info: Link nesting OFF on input line 4448.
Package hyperref Info: Hyper index OFF on input line 4453.
Package hyperref Info: Plain pages OFF on input line 4458.
Package hyperref Info: Backreferencing OFF on input line 4463.
Package hyperref Info: Implicit mode ON; LaTeX internals redefined.
Package hyperref Info: Bookmarks ON on input line 4688.
\c@Hy@tempcnt=\count114
(/usr/local/texlive/2014/texmf-dist/tex/latex/url/url.sty
\Urlmuskip=\muskip11
Package: url 2013/09/16  ver 3.4  Verb mode for urls, etc.
)
LaTeX Info: Redefining \url on input line 5041.
\XeTeXLinkMargin=\dimen133
\Fld@menulength=\count115
\Field@Width=\dimen134
\Fld@charsize=\dimen135
Package hyperref Info: Hyper figures OFF on input line 6295.
Package hyperref Info: Link nesting OFF on input line 6300.
Package hyperref Info: Hyper index OFF on input line 6305.
Package hyperref Info: backreferencing OFF on input line 6310.
Package hyperref Info: Link coloring OFF on input line 6315.
Package hyperref Info: Link coloring with OCG OFF on input line 6320.
Package hyperref Info: PDF/A mode OFF on input line 6325.
LaTeX Info: Redefining \ref on input line 6365.
LaTeX Info: Redefining \pageref on input line 6369.
\Hy@abspage=\count116
\c@Item=\count117
\c@Hfootnote=\count118
)

Package hyperref Message: Driver: hpdftex.

(/usr/local/texlive/2014/texmf-dist/tex/latex/hyperref/hpdftex.def
File: hpdftex.def 2012/11/06 v6.83m Hyperref driver for pdfTeX
\Fld@listcount=\count119
\c@bookmark@seq@number=\count120

(/usr/local/texlive/2014/texmf-dist/tex/latex/oberdiek/rerunfilecheck.sty
Package: rerunfilecheck 2011/04/15 v1.7 Rerun checks for auxiliary files (HO)
Package uniquecounter Info: New unique counter `rerunfilecheck' on input line 2
82.
)
\Hy@SectionHShift=\skip62
)
(/usr/local/texlive/2014/texmf-dist/tex/latex/listings/listings.sty
\lst@mode=\count121
\lst@gtempboxa=\box34
\lst@token=\toks27
\lst@length=\count122
\lst@currlwidth=\dimen136
\lst@column=\count123
\lst@pos=\count124
\lst@lostspace=\dimen137
\lst@width=\dimen138
\lst@newlines=\count125
\lst@lineno=\count126
\lst@maxwidth=\dimen139

(/usr/local/texlive/2014/texmf-dist/tex/latex/listings/lstmisc.sty
File: lstmisc.sty 2014/03/04 1.5c (Carsten Heinz)
\c@lstnumber=\count127
\lst@skipnumbers=\count128
\lst@framebox=\box35
)
(/usr/local/texlive/2014/texmf-dist/tex/latex/listings/listings.cfg
File: listings.cfg 2014/03/04 1.5c listings configuration
))
Package: listings 2014/03/04 1.5c (Carsten Heinz)

(/usr/local/texlive/2014/texmf-dist/tex/latex/psnfss/courier.sty
Package: courier 2005/04/12 PSNFSS-v9.2a (WaS) 
)
(/usr/local/texlive/2014/texmf-dist/tex/latex/listings/lstlang1.sty
File: lstlang1.sty 2014/03/04 1.5c listings language file
)
(/usr/local/texlive/2014/texmf-dist/tex/latex/caption/caption.sty
Package: caption 2013/05/02 v3.3-89 Customizing captions (AR)

(/usr/local/texlive/2014/texmf-dist/tex/latex/caption/caption3.sty
Package: caption3 2013/05/02 v1.6-88 caption3 kernel (AR)
Package caption3 Info: TeX engine: e-TeX on input line 57.
\captionmargin=\dimen140
\captionmargin@=\dimen141
\captionwidth=\dimen142
\caption@tempdima=\dimen143
\caption@indent=\dimen144
\caption@parindent=\dimen145
\caption@hangindent=\dimen146
)
Package caption Info: KOMA-Script document class.
\c@ContinuedFloat=\count129
Package caption Info: float package is loaded.
Package caption Info: hyperref package is loaded.
Package caption Info: listings package is loaded.
Package caption Info: rotating package is loaded.
Package caption Info: subfigure package is loaded.
))
(./components/commands.tex
\c@theorem=\count130
)
\@glossaryfile=\write3
\openout3 = `main.glo'.


Writing glossary file main.glo 
(./main.aux

LaTeX Warning: Label `UserFixtures' multiply defined.


LaTeX Warning: Label `UserFixtures' multiply defined.


LaTeX Warning: Label `UserFixtures' multiply defined.


LaTeX Warning: Label `UserFixtures' multiply defined.


LaTeX Warning: Label `UserFixtures' multiply defined.

)
\openout1 = `main.aux'.

LaTeX Font Info:    Checking defaults for OML/cmm/m/it on input line 25.
LaTeX Font Info:    ... okay on input line 25.
LaTeX Font Info:    Checking defaults for T1/cmr/m/n on input line 25.
LaTeX Font Info:    ... okay on input line 25.
LaTeX Font Info:    Checking defaults for OT1/cmr/m/n on input line 25.
LaTeX Font Info:    ... okay on input line 25.
LaTeX Font Info:    Checking defaults for OMS/cmsy/m/n on input line 25.
LaTeX Font Info:    ... okay on input line 25.
LaTeX Font Info:    Checking defaults for OMX/cmex/m/n on input line 25.
LaTeX Font Info:    ... okay on input line 25.
LaTeX Font Info:    Checking defaults for U/cmr/m/n on input line 25.
LaTeX Font Info:    ... okay on input line 25.
LaTeX Font Info:    Checking defaults for TS1/cmr/m/n on input line 25.
LaTeX Font Info:    Try loading font information for TS1+cmr on input line 25.
 (/usr/local/texlive/2014/texmf-dist/tex/latex/base/ts1cmr.fd
File: ts1cmr.fd 1999/05/25 v2.5h Standard LaTeX font definitions
)
LaTeX Font Info:    ... okay on input line 25.
LaTeX Font Info:    Checking defaults for PD1/pdf/m/n on input line 25.
LaTeX Font Info:    ... okay on input line 25.
LaTeX Font Info:    Try loading font information for T1+ppl on input line 25.

(/usr/local/texlive/2014/texmf-dist/tex/latex/psnfss/t1ppl.fd
File: t1ppl.fd 2001/06/04 font definitions for T1/ppl.
)
(/usr/local/texlive/2014/texmf-dist/tex/context/base/supp-pdf.mkii
[Loading MPS to PDF converter (version 2006.09.02).]
\scratchcounter=\count131
\scratchdimen=\dimen147
\scratchbox=\box36
\nofMPsegments=\count132
\nofMParguments=\count133
\everyMPshowfont=\toks28
\MPscratchCnt=\count134
\MPscratchDim=\dimen148
\MPnumerator=\count135
\makeMPintoPDFobject=\count136
\everyMPtoPDFconversion=\toks29
) (/usr/local/texlive/2014/texmf-dist/tex/latex/oberdiek/epstopdf-base.sty
Package: epstopdf-base 2010/02/09 v2.5 Base part for package epstopdf

(/usr/local/texlive/2014/texmf-dist/tex/latex/oberdiek/grfext.sty
Package: grfext 2010/08/19 v1.1 Manage graphics extensions (HO)
)
Package grfext Info: Graphics extension search list:
(grfext)             [.jpg,.JPG,.png,.pdf,.eps]
(grfext)             \AppendGraphicsExtensions on input line 452.

(/usr/local/texlive/2014/texmf-dist/tex/latex/latexconfig/epstopdf-sys.cfg
File: epstopdf-sys.cfg 2010/07/13 v1.3 Configuration of (r)epstopdf for TeX Liv
e
))
\AtBeginShipoutBox=\box37
Package hyperref Info: Link coloring OFF on input line 25.

(/usr/local/texlive/2014/texmf-dist/tex/latex/hyperref/nameref.sty
Package: nameref 2012/10/27 v2.43 Cross-referencing by name of section

(/usr/local/texlive/2014/texmf-dist/tex/generic/oberdiek/gettitlestring.sty
Package: gettitlestring 2010/12/03 v1.4 Cleanup title references (HO)
)
\c@section@level=\count137
)
LaTeX Info: Redefining \ref on input line 25.
LaTeX Info: Redefining \pageref on input line 25.
LaTeX Info: Redefining \nameref on input line 25.

(./main.out) (./main.out)
\@outlinefile=\write4
\openout4 = `main.out'.

\c@lstlisting=\count138
Package caption Info: Begin \AtBeginDocument code.
Package caption Info: End \AtBeginDocument code.
 (./components/cover.tex

Class scrbook Warning: Usage of deprecated font command `\bf'!
(scrbook)              You should note, that in 1994 font command `\bf' has
(scrbook)              been defined for compatiblitiy to Script 2.0 only.
(scrbook)              Now, after two decades of LaTeX2e and NFSS2, you
(scrbook)              shouldn't use such commands any longer and within
(scrbook)              KOMA-Script usage of `\bf' is definitely deprecated.
(scrbook)              See `fntguide.pdf' for more information about
(scrbook)              recommended font commands.
(scrbook)              Note also, that KOMA-Script will remove the definition
(scrbook)              of `\bf' anytime until release of about version 3.20.
(scrbook)              But for now, KOMA-Script will replace deprecated `\bf'
(scrbook)              by `\normalfont \bfseries ' on input line 43.

LaTeX Font Info:    Font shape `T1/ppl/bx/n' in size <20.74> not available
(Font)              Font shape `T1/ppl/b/n' tried instead on input line 43.
<styles/informat.png, id=227, 355.3275pt x 202.7575pt>
File: styles/informat.png Graphic file (type png)

<use styles/informat.png>
Package pdftex.def Info: styles/informat.png used on input line 54.
(pdftex.def)             Requested size: 113.81102pt x 64.9425pt.
) [1



{/usr/local/texlive/2014/texmf-var/fonts/map/pdftex/updmap/pdftex.map} <./style
s/informat.png>] [2

] (./components/titlepage.tex
LaTeX Font Info:    Try loading font information for OMX+yhex on input line 46.


(/usr/local/texlive/2014/texmf-dist/tex/latex/yhmath/OMXyhex.fd
File: OMXyhex.fd 
File: OMXyhex.fd 2013/07/03 v1.1 YH's humble contribution to TeX maths (NP)
)
LaTeX Font Info:    External font `yhcmex10' loaded for size
(Font)              <10.95> on input line 46.
LaTeX Font Info:    External font `yhcmex10' loaded for size
(Font)              <8> on input line 46.
LaTeX Font Info:    External font `yhcmex10' loaded for size
(Font)              <6> on input line 46.
LaTeX Font Info:    Try loading font information for U+msa on input line 46.

(/usr/local/texlive/2014/texmf-dist/tex/latex/amsfonts/umsa.fd
File: umsa.fd 2013/01/14 v3.01 AMS symbols A
)
LaTeX Font Info:    Try loading font information for U+msb on input line 46.

(/usr/local/texlive/2014/texmf-dist/tex/latex/amsfonts/umsb.fd
File: umsb.fd 2013/01/14 v3.01 AMS symbols B
)
File: styles/informat.png Graphic file (type png)

<use styles/informat.png>
Package pdftex.def Info: styles/informat.png used on input line 57.
(pdftex.def)             Requested size: 113.81102pt x 64.9425pt.
) (./components/disclaimer.tex [3] [4

] [5])
(./components/acknowledgements.tex [6

]

Class scrbook Warning: Usage of deprecated font command `\bf'!
(scrbook)              You should note, that in 1994 font command `\bf' has
(scrbook)              been defined for compatiblitiy to Script 2.0 only.
(scrbook)              Now, after two decades of LaTeX2e and NFSS2, you
(scrbook)              shouldn't use such commands any longer and within
(scrbook)              KOMA-Script usage of `\bf' is definitely deprecated.
(scrbook)              See `fntguide.pdf' for more information about
(scrbook)              recommended font commands.
(scrbook)              Note also, that KOMA-Script will remove the definition
(scrbook)              of `\bf' anytime until release of about version 3.20.
(scrbook)              But for now, KOMA-Script will replace deprecated `\bf'
(scrbook)              by `\normalfont \bfseries ' on input line 11.

LaTeX Font Info:    Font shape `T1/ppl/bx/n' in size <14.4> not available
(Font)              Font shape `T1/ppl/b/n' tried instead on input line 11.
) (./components/abstract.tex [7] [8

]

Class scrbook Warning: Usage of deprecated font command `\bf'!
(scrbook)              You should note, that in 1994 font command `\bf' has
(scrbook)              been defined for compatiblitiy to Script 2.0 only.
(scrbook)              Now, after two decades of LaTeX2e and NFSS2, you
(scrbook)              shouldn't use such commands any longer and within
(scrbook)              KOMA-Script usage of `\bf' is definitely deprecated.
(scrbook)              See `fntguide.pdf' for more information about
(scrbook)              recommended font commands.
(scrbook)              Note also, that KOMA-Script will remove the definition
(scrbook)              of `\bf' anytime until release of about version 3.20.
(scrbook)              But for now, KOMA-Script will replace deprecated `\bf'
(scrbook)              by `\normalfont \bfseries ' on input line 11.


Underfull \hbox (badness 10000) in paragraph at lines 21--22

 []


Underfull \hbox (badness 10000) in paragraph at lines 23--24

 []


Underfull \hbox (badness 10000) in paragraph at lines 25--26

 []

) [9] [10

]
LaTeX Font Info:    Font shape `T1/ppl/bx/n' in size <10.95> not available
(Font)              Font shape `T1/ppl/b/n' tried instead on input line 34.
 (./main.toc [11]
LaTeX Font Info:    Font shape `T1/ppl/bx/n' in size <12> not available
(Font)              Font shape `T1/ppl/b/n' tried instead on input line 78.
)
\tf@toc=\write5
\openout5 = `main.toc'.

 (./components/outline.tex [12]
Underfull \hbox (badness 10000) in paragraph at lines 20--21

 []


Underfull \hbox (badness 10000) in paragraph at lines 24--25

 []


Underfull \hbox (badness 10000) in paragraph at lines 28--29

 []


Underfull \hbox (badness 10000) in paragraph at lines 32--33

 []


Underfull \hbox (badness 10000) in paragraph at lines 36--37

 []


Underfull \hbox (badness 10000) in paragraph at lines 40--41

 []

) [13

] [14


] (./chapters/Introduction.tex
Chapter 1.

Class scrbook Warning: \float@addtolists detected!
(scrbook)              Implementation of \float@addtolist became
(scrbook)              deprecated in KOMA-Script v3.01 2008/11/14 and
(scrbook)              has been replaced by more several more flexible
(scrbook)              features of package `tocbasic`.
(scrbook)              Since Version 3.12 support for deprecated
(scrbook)              \float@addtolist interface has been
(scrbook)              restricted to only some of the KOMA-Script
(scrbook)              features and been removed from others.
(scrbook)              Loading of package `scrhack' may help to
(scrbook)              avoid this warning, if you are using a
(scrbook)              a package that still implements the
(scrbook)              deprecated \float@addtolist interface .

LaTeX Font Info:    Try loading font information for TS1+ppl on input line 13.
(/usr/local/texlive/2014/texmf-dist/tex/latex/psnfss/ts1ppl.fd
File: ts1ppl.fd 2001/06/04 font definitions for TS1/ppl.
)
Underfull \hbox (badness 10000) in paragraph at lines 18--22

 []

[1

]
Underfull \hbox (badness 10000) in paragraph at lines 25--27

 []


Underfull \hbox (badness 10000) in paragraph at lines 28--30

 []


Underfull \hbox (badness 10000) in paragraph at lines 32--34

 []


Underfull \hbox (badness 10000) in paragraph at lines 35--36

 []

[2]
Underfull \hbox (badness 10000) in paragraph at lines 37--38

 []


Underfull \hbox (badness 10000) in paragraph at lines 39--40

 []


Underfull \hbox (badness 10000) in paragraph at lines 41--42

 []

[3] <images/mcan/Introduction/layered.png, id=365, 129.48375pt x 191.71625pt>
File: images/mcan/Introduction/layered.png Graphic file (type png)

<use images/mcan/Introduction/layered.png>
Package pdftex.def Info: images/mcan/Introduction/layered.png used on input lin
e 47.
(pdftex.def)             Requested size: 130.00854pt x 192.51439pt.

Underfull \hbox (badness 10000) in paragraph at lines 53--54

 []


Underfull \vbox (badness 10000) has occurred while \output is active []

 [4 <./images/mcan/Introduction/layered.png>]
Underfull \hbox (badness 10000) in paragraph at lines 56--57

 []

) (./chapters/Requirements.tex [5] [6

]
Chapter 2.
[7]
<images/mcan/Requirement/oneleghop-acc.png, id=389, 122.3772pt x 122.3772pt>
File: images/mcan/Requirement/oneleghop-acc.png Graphic file (type png)

<use images/mcan/Requirement/oneleghop-acc.png>
Package pdftex.def Info: images/mcan/Requirement/oneleghop-acc.png used on inpu
t line 23.
(pdftex.def)             Requested size: 173.34032pt x 173.34172pt.

<images/mcan/Requirement/insole.png, id=390, 175.3752pt x 104.0688pt>
File: images/mcan/Requirement/insole.png Graphic file (type png)

<use images/mcan/Requirement/insole.png>
Package pdftex.def Info: images/mcan/Requirement/insole.png used on input line 
24.
(pdftex.def)             Requested size: 173.34032pt x 102.86963pt.

<images/mcan/Requirement/oneleghop-insole.png, id=391, 113.223pt x 113.223pt>
File: images/mcan/Requirement/oneleghop-insole.png Graphic file (type png)

<use images/mcan/Requirement/oneleghop-insole.png>
Package pdftex.def Info: images/mcan/Requirement/oneleghop-insole.png used on i
nput line 25.
(pdftex.def)             Requested size: 173.34032pt x 173.34636pt.
 [8 <./images/mcan/Requirement/oneleghop-acc.png>] [9 <./images/mcan/Requiremen
t/insole.png> <./images/mcan/Requirement/oneleghop-insole.png>]
<images/mcan/Requirement/sidehop-raw.png, id=406, 122.3772pt x 122.3772pt>
File: images/mcan/Requirement/sidehop-raw.png Graphic file (type png)

<use images/mcan/Requirement/sidehop-raw.png>
Package pdftex.def Info: images/mcan/Requirement/sidehop-raw.png used on input 
line 32.
(pdftex.def)             Requested size: 173.34032pt x 173.34172pt.

<images/mcan/Requirement/sidehop-filtered.png, id=407, 122.3772pt x 122.3772pt>
File: images/mcan/Requirement/sidehop-filtered.png Graphic file (type png)
<use images/mcan/Requirement/sidehop-filtered.png>
Package pdftex.def Info: images/mcan/Requirement/sidehop-filtered.png used on i
nput line 33.
(pdftex.def)             Requested size: 173.34032pt x 173.34172pt.
 [10 <./images/mcan/Requirement/sidehop-raw.png>] [11 <./images/mcan/Requiremen
t/sidehop-filtered.png>]
[12]
Underfull \hbox (badness 10000) in paragraph at lines 107--108

 []


Underfull \hbox (badness 10000) in paragraph at lines 109--110

 []

[13]
Underfull \hbox (badness 10000) in paragraph at lines 115--116

 []


Underfull \hbox (badness 10000) in paragraph at lines 117--118

 []


Underfull \hbox (badness 10000) in paragraph at lines 119--120

 []


Underfull \hbox (badness 10000) in paragraph at lines 123--124

 []


Underfull \hbox (badness 10000) in paragraph at lines 125--126

 []


Underfull \hbox (badness 10000) in paragraph at lines 128--129

 []


Underfull \hbox (badness 10000) in paragraph at lines 130--131

 []

[14]
Underfull \hbox (badness 10000) in paragraph at lines 132--133

 []


Underfull \hbox (badness 10000) in paragraph at lines 134--135

 []


Underfull \hbox (badness 10000) in paragraph at lines 136--137

 []


Underfull \hbox (badness 10000) in paragraph at lines 138--139

 []


Underfull \hbox (badness 10000) in paragraph at lines 140--141

 []


Underfull \hbox (badness 10000) in paragraph at lines 144--145

 []


Underfull \hbox (badness 10000) in paragraph at lines 146--147

 []

[15]
Underfull \hbox (badness 10000) in paragraph at lines 148--149

 []


Underfull \hbox (badness 10000) in paragraph at lines 150--151

 []


Underfull \hbox (badness 10000) in paragraph at lines 152--153

 []

) (./chapters/Analysis.tex [16]
Chapter 3.

<images/mcan/Analysis/oldCommunicationDiagram.jpg, id=459, 948.54375pt x 295.10
25pt>
File: images/mcan/Analysis/oldCommunicationDiagram.jpg Graphic file (type jpg)
 <use images/mcan/Analysis/oldCommunicationDiagram.jpg>
Package pdftex.def Info: images/mcan/Analysis/oldCommunicationDiagram.jpg used 
on input line 10.
(pdftex.def)             Requested size: 346.68726pt x 107.85785pt.

Underfull \hbox (badness 10000) in paragraph at lines 17--18

 []


Underfull \hbox (badness 10000) in paragraph at lines 19--20

 []

[17

 <./images/mcan/Analysis/oldCommunicationDiagram.jpg>]
Underfull \hbox (badness 10000) in paragraph at lines 21--22

 []


Underfull \hbox (badness 10000) in paragraph at lines 23--24

 []


Underfull \hbox (badness 10000) in paragraph at lines 25--26

 []


Underfull \hbox (badness 10000) in paragraph at lines 27--28

 []


<images/mcan/Analysis/CommunicationDiagram.jpg, id=469, 1082.0425pt x 511.9125p
t>
File: images/mcan/Analysis/CommunicationDiagram.jpg Graphic file (type jpg)
 <use images/mcan/Analysis/CommunicationDiagram.jpg>
Package pdftex.def Info: images/mcan/Analysis/CommunicationDiagram.jpg used on 
input line 29.
(pdftex.def)             Requested size: 346.68726pt x 164.01843pt.

Underfull \hbox (badness 10000) in paragraph at lines 31--32

 []


Underfull \hbox (badness 10000) in paragraph at lines 33--34

 []

[18]
Underfull \hbox (badness 10000) in paragraph at lines 35--36

 []


Underfull \hbox (badness 10000) in paragraph at lines 37--38

 []

<images/mcan/Analysis/ComponentDiagram.jpg, id=479, 869.2475pt x 453.695pt>
File: images/mcan/Analysis/ComponentDiagram.jpg Graphic file (type jpg)

<use images/mcan/Analysis/ComponentDiagram.jpg>
Package pdftex.def Info: images/mcan/Analysis/ComponentDiagram.jpg used on inpu
t line 39.
(pdftex.def)             Requested size: 346.68726pt x 180.94864pt.

<images/mcan/Analysis/TestDiagram.jpg, id=481, 854.19125pt x 261.97874pt>
File: images/mcan/Analysis/TestDiagram.jpg Graphic file (type jpg)

<use images/mcan/Analysis/TestDiagram.jpg>
Package pdftex.def Info: images/mcan/Analysis/TestDiagram.jpg used on input lin
e 43.
(pdftex.def)             Requested size: 346.68726pt x 106.32466pt.
) (./chapters/SystemDesign.tex
[19 <./images/mcan/Analysis/CommunicationDiagram.jpg>] [20 <./images/mcan/Analy
sis/ComponentDiagram.jpg> <./images/mcan/Analysis/TestDiagram.jpg>]
Chapter 4.

Underfull \hbox (badness 10000) in paragraph at lines 20--21

 []

[21

]
Underfull \hbox (badness 10000) in paragraph at lines 32--33

 []

[22] [23]
<images/mcan/SystemDesign/DecompositionDiagram.jpg, id=514, 1085.05376pt x 558.
085pt>
File: images/mcan/SystemDesign/DecompositionDiagram.jpg Graphic file (type jpg)

 <use images/mcan/SystemDesign/DecompositionDiagram.jpg>
Package pdftex.def Info: images/mcan/SystemDesign/DecompositionDiagram.jpg used
 on input line 75.
(pdftex.def)             Requested size: 433.35742pt x 222.88942pt.
 [24 <./images/mcan/SystemDesign/DecompositionDiagram.jpg>]
<images/mcan/SystemDesign/ComponentDiagram.jpg, id=525, 1294.8375pt x 396.48125
pt>
File: images/mcan/SystemDesign/ComponentDiagram.jpg Graphic file (type jpg)
 <use images/mcan/SystemDesign/ComponentDiagram.jpg>
Package pdftex.def Info: images/mcan/SystemDesign/ComponentDiagram.jpg used on 
input line 95.
(pdftex.def)             Requested size: 433.35742pt x 132.6965pt.
 [25 <./images/mcan/SystemDesign/ComponentDiagram.jpg>]
<images/mcan/SystemDesign/LayeredDiagram.jpg, id=532, 639.38875pt x 450.68375pt
>
File: images/mcan/SystemDesign/LayeredDiagram.jpg Graphic file (type jpg)
 <use images/mcan/SystemDesign/LayeredDiagram.jpg>
Package pdftex.def Info: images/mcan/SystemDesign/LayeredDiagram.jpg used on in
put line 113.
(pdftex.def)             Requested size: 390.01903pt x 274.90979pt.

Underfull \hbox (badness 10000) in paragraph at lines 136--137

 []

[26]
Underfull \hbox (badness 10000) in paragraph at lines 138--139

 []


<images/mcan/SystemDesign/DeploymentDiagram.jpg, id=551, 837.1275pt x 315.1775p
t>
File: images/mcan/SystemDesign/DeploymentDiagram.jpg Graphic file (type jpg)
 <use images/mcan/SystemDesign/DeploymentDiagram.jpg>
Package pdftex.def Info: images/mcan/SystemDesign/DeploymentDiagram.jpg used on
 input line 140.
(pdftex.def)             Requested size: 433.35742pt x 163.15742pt.

Underfull \vbox (badness 10000) has occurred while \output is active []

 [27 <./images/mcan/SystemDesign/LayeredDiagram.jpg>]
Underfull \hbox (badness 10000) in paragraph at lines 149--150

 []


Underfull \hbox (badness 10000) in paragraph at lines 156--157

 []


Underfull \hbox (badness 10000) in paragraph at lines 158--159

 []

[28 <./images/mcan/SystemDesign/DeploymentDiagram.jpg>]
Underfull \hbox (badness 10000) in paragraph at lines 160--161

 []


Underfull \hbox (badness 10000) in paragraph at lines 162--163

 []


Underfull \hbox (badness 10000) in paragraph at lines 174--175

 []

) (./chapters/ObjectDesign.tex [29] [30

]
Chapter 5.

Underfull \hbox (badness 10000) in paragraph at lines 10--11

 []


<images/mcan/ObjectDesign/CommunicationInterface.jpg, id=572, 759.83875pt x 224
.84pt>
File: images/mcan/ObjectDesign/CommunicationInterface.jpg Graphic file (type jp
g)
 <use images/mcan/ObjectDesign/CommunicationInterface.jpg>
Package pdftex.def Info: images/mcan/ObjectDesign/CommunicationInterface.jpg us
ed on input line 18.
(pdftex.def)             Requested size: 346.68726pt x 102.58711pt.

Underfull \hbox (badness 10000) in paragraph at lines 28--29

 []

[31 <./images/mcan/ObjectDesign/CommunicationInterface.jpg>]
Overfull \hbox (7.12349pt too wide) in paragraph at lines 33--34
[]\T1/ppl/b/n/10.95 Digital Mes-sages \T1/ppl/m/n/10.95 - sendReportRe-quests-F
orDig-i-talPin:(NSInteger) pin re-ports:(BOOL)
 []


Overfull \hbox (6.17096pt too wide) in paragraph at lines 34--35
[]\T1/ppl/b/n/10.95 Analog Mes-sages \T1/ppl/m/n/10.95 - sendReportRe-quest-For
Analog-Pin:(NSInteger) pin re-ports:(BOOL)
 []


Overfull \hbox (22.95668pt too wide) in paragraph at lines 41--42
[]\T1/ppl/b/n/10.95 Digital Mes-sages \T1/ppl/m/n/10.95 - didReceiveDig-i-talMe
s-sage-For-Port:(NSInteger) port value:(NSInteger)
 []


Overfull \hbox (62.96803pt too wide) in paragraph at lines 42--43
[]\T1/ppl/b/n/10.95 Analog Mes-sages \T1/ppl/m/n/10.95 - didReceiveAnalogMes-sa
geOn-Chan-nel:(NSInteger) chan-nel value:(NSInteger)
 []


Underfull \hbox (badness 10000) in paragraph at lines 46--47

 []


Underfull \hbox (badness 10000) in paragraph at lines 48--49

 []


Underfull \hbox (badness 10000) in paragraph at lines 50--51

 []

[32]
<images/mcan/ObjectDesign/mainWindow.png, id=593, 1557.82pt x 988.69376pt>
File: images/mcan/ObjectDesign/mainWindow.png Graphic file (type png)

<use images/mcan/ObjectDesign/mainWindow.png>
Package pdftex.def Info: images/mcan/ObjectDesign/mainWindow.png used on input 
line 65.
(pdftex.def)             Requested size: 476.6958pt x 302.5393pt.

Overfull \hbox (43.33838pt too wide) in paragraph at lines 65--65
 [] 
 []


<images/mcan/ObjectDesign/ViewControllerInterface.jpg, id=594, 634.37pt x 184.6
9pt>
File: images/mcan/ObjectDesign/ViewControllerInterface.jpg Graphic file (type j
pg)
 <use images/mcan/ObjectDesign/ViewControllerInterface.jpg>
Package pdftex.def Info: images/mcan/ObjectDesign/ViewControllerInterface.jpg u
sed on input line 67.
(pdftex.def)             Requested size: 346.68726pt x 100.93726pt.

<images/mcan/ObjectDesign/gatheringWindow.png, id=597, 594.22pt x 405.515pt>
File: images/mcan/ObjectDesign/gatheringWindow.png Graphic file (type png)

<use images/mcan/ObjectDesign/gatheringWindow.png>
Package pdftex.def Info: images/mcan/ObjectDesign/gatheringWindow.png used on i
nput line 72.
(pdftex.def)             Requested size: 346.68726pt x 236.59726pt.

<images/mcan/ObjectDesign/gatheringInterface.jpg, id=598, 484.81125pt x 229.858
75pt>
File: images/mcan/ObjectDesign/gatheringInterface.jpg Graphic file (type jpg)
 <use images/mcan/ObjectDesign/gatheringInterface.jpg>
Package pdftex.def Info: images/mcan/ObjectDesign/gatheringInterface.jpg used o
n input line 74.
(pdftex.def)             Requested size: 346.68726pt x 164.3793pt.
 [33] [34 <./images/mcan/ObjectDesign/mainWindow.png> <./images/mcan/ObjectDesi
gn/ViewControllerInterface.jpg>] [35 <./images/mcan/ObjectDesign/gatheringWindo
w.png> <./images/mcan/ObjectDesign/gatheringInterface.jpg>]
<images/mcan/ObjectDesign/e-textileCommunicationSelection.png, id=625, 872.2587
4pt x 495.8525pt>
File: images/mcan/ObjectDesign/e-textileCommunicationSelection.png Graphic file
 (type png)

<use images/mcan/ObjectDesign/e-textileCommunicationSelection.png>
Package pdftex.def Info: images/mcan/ObjectDesign/e-textileCommunicationSelecti
on.png used on input line 80.
(pdftex.def)             Requested size: 433.35742pt x 246.35188pt.

<images/mcan/ObjectDesign/ECommunicationInterface.jpg, id=626, 462.72874pt x 98
.3675pt>
File: images/mcan/ObjectDesign/ECommunicationInterface.jpg Graphic file (type j
pg)
 <use images/mcan/ObjectDesign/ECommunicationInterface.jpg>
Package pdftex.def Info: images/mcan/ObjectDesign/ECommunicationInterface.jpg u
sed on input line 82.
(pdftex.def)             Requested size: 346.68726pt x 73.70036pt.

Underfull \hbox (badness 10000) in paragraph at lines 85--86

 []


Underfull \hbox (badness 10000) in paragraph at lines 87--88

 []

[36 <./images/mcan/ObjectDesign/e-textileCommunicationSelection.png> <./images/
mcan/ObjectDesign/ECommunicationInterface.jpg>]
Underfull \hbox (badness 10000) in paragraph at lines 89--90

 []

<images/mcan/ObjectDesign/JSInterface.jpg, id=636, 420.57124pt x 74.2775pt>
File: images/mcan/ObjectDesign/JSInterface.jpg Graphic file (type jpg)

<use images/mcan/ObjectDesign/JSInterface.jpg>
Package pdftex.def Info: images/mcan/ObjectDesign/JSInterface.jpg used on input
 line 91.
(pdftex.def)             Requested size: 346.68726pt x 61.22981pt.

Underfull \hbox (badness 10000) in paragraph at lines 94--95

 []


<images/mcan/ObjectDesign/fileInterface.jpg, id=638, 419.5675pt x 223.83624pt>
File: images/mcan/ObjectDesign/fileInterface.jpg Graphic file (type jpg)

<use images/mcan/ObjectDesign/fileInterface.jpg>
Package pdftex.def Info: images/mcan/ObjectDesign/fileInterface.jpg used on inp
ut line 98.
(pdftex.def)             Requested size: 346.68726pt x 184.95407pt.

Underfull \hbox (badness 10000) in paragraph at lines 101--102

 []


<images/mcan/ObjectDesign/InteractexInterface.jpg, id=640, 461.725pt x 84.315pt
>
File: images/mcan/ObjectDesign/InteractexInterface.jpg Graphic file (type jpg)
 <use images/mcan/ObjectDesign/InteractexInterface.jpg>
Package pdftex.def Info: images/mcan/ObjectDesign/InteractexInterface.jpg used 
on input line 103.
(pdftex.def)             Requested size: 346.68726pt x 63.30812pt.
)
(./chapters/Conclusion.tex [37 <./images/mcan/ObjectDesign/JSInterface.jpg>]
[38 <./images/mcan/ObjectDesign/fileInterface.jpg> <./images/mcan/ObjectDesign/
InteractexInterface.jpg>]
Chapter 6.

Underfull \hbox (badness 10000) in paragraph at lines 7--8

 []


Underfull \hbox (badness 10000) in paragraph at lines 9--11

 []

[39

] <images/OptimLayers.pdf, id=658, 1174.3875pt x 762.85pt>
File: images/OptimLayers.pdf Graphic file (type pdf)

<use images/OptimLayers.pdf>
Package pdftex.def Info: images/OptimLayers.pdf used on input line 18.
(pdftex.def)             Requested size: 390.01903pt x 253.34761pt.

Underfull \hbox (badness 10000) in paragraph at lines 20--21

 []

[40 <./images/OptimLayers.pdf>]
Underfull \hbox (badness 10000) in paragraph at lines 37--38

 []


Underfull \hbox (badness 10000) in paragraph at lines 44--45

 []

[41]
Underfull \hbox (badness 10000) in paragraph at lines 51--52

 []


Underfull \hbox (badness 10000) in paragraph at lines 59--60

 []


Underfull \hbox (badness 10000) in paragraph at lines 61--62

 []

[42]) [43] [44

]
LaTeX Font Info:    Font shape `T1/ppl/bx/n' in size <24.88> not available
(Font)              Font shape `T1/ppl/b/n' tried instead on input line 57.
 [45] [46] (./chapters/Appendix.tex
Appendix A.
LaTeX Font Info:    Try loading font information for T1+phv on input line 5.
(/usr/local/texlive/2014/texmf-dist/tex/latex/psnfss/t1phv.fd
File: t1phv.fd 2001/06/04 scalable font definitions for T1/phv.
)
LaTeX Font Info:    Font shape `T1/phv/bx/n' in size <10.95> not available
(Font)              Font shape `T1/phv/b/n' tried instead on input line 5.
 [47

]) [48]
(./main.bbl
LaTeX Font Info:    Try loading font information for T1+pcr on input line 6.
 (/usr/local/texlive/2014/texmf-dist/tex/latex/psnfss/t1pcr.fd
File: t1pcr.fd 2001/06/04 font definitions for T1/pcr.
)
Underfull \hbox (badness 10000) in paragraph at lines 26--31
[]\T1/ppl/m/n/10.95 Balana xacml 3.0 project home page.  Web-site, 2013.  Avail
-
 []


Underfull \hbox (badness 10000) in paragraph at lines 26--31
\T1/ppl/m/n/10.95 able on-line at []$\T1/pcr/m/n/10.95 http : / / xacmlinfo . o
rg / 2012 / 08 / 16 /
 []


Underfull \hbox (badness 10000) in paragraph at lines 26--31
\T1/pcr/m/n/10.95 balana-[]the-[]open-[]source-[]xacml-[]3-[]0-[]implementation
$[]\T1/ppl/m/n/10.95 ; vis-ited
 []


Underfull \hbox (badness 2617) in paragraph at lines 50--55
[]\T1/ppl/m/n/10.95 Falls among older adults: An overview.  Web-site, 2013.  Av
ail-able
 []

[49


]
Underfull \hbox (badness 10000) in paragraph at lines 158--163
[]\T1/ppl/m/n/10.95 Performance of soap/http vs. soap/jms.  Web-site, 2008.
 []


Underfull \hbox (badness 10000) in paragraph at lines 158--163
\T1/ppl/m/n/10.95 Avail-able on-line at []$\T1/pcr/m/n/10.95 http : / / java . 
dzone . com / articles /
 []

[50]
Underfull \hbox (badness 10000) in paragraph at lines 219--224
[]\T1/ppl/m/n/10.95 100 prod-ucts and tech-nolo-gies for en-ergy con-ser-va-tio
n.  Web-site,
 []


Underfull \hbox (badness 10000) in paragraph at lines 219--224
\T1/ppl/m/n/10.95 2013.  Avail-able on-line at []$\T1/pcr/m/n/10.95 http : / / 
mapawatt . com / 2011 / 07 / 17 /
 []

[51]
Underfull \hbox (badness 3179) in paragraph at lines 273--278
[]\T1/ppl/m/n/10.95 The soa source group: What is soa?  Web-site, 2011.  Avail-
able
 []


Underfull \hbox (badness 4467) in paragraph at lines 273--278
\T1/ppl/m/n/10.95 on-line at []$\T1/pcr/m/n/10.95 http : / / www . opengroup . 
org / soa / source-[]book / soa / soa .
 []


Underfull \hbox (badness 1527) in paragraph at lines 286--291
[]\T1/ppl/m/n/10.95 From m2m to the in-ter-net of things: View-points from eu-r
ope.  Web-
 []


Underfull \hbox (badness 3000) in paragraph at lines 286--291
\T1/ppl/m/n/10.95 site, 2013.  Avail-able on-line at []$\T1/pcr/m/n/10.95 http 
: / / www . techvibes . com / blog /
 []


Overfull \hbox (76.53886pt too wide) in paragraph at lines 286--291
\T1/pcr/m/n/10.95 from-[]m2m-[]to-[]the-[]internet-[]of-[]things-[]viewpoints-[
]from-[]europe-[]2011-[]07-[]07$[]\T1/ppl/m/n/10.95 ;
 []


Underfull \hbox (badness 1521) in paragraph at lines 304--309
\T1/pcr/m/n/10.95 www . w3 . org / TR / 2004 / NOTE-[]ws-[]gloss-[]20040211 / #
webservice$[]\T1/ppl/m/n/10.95 ; vis-
 []

)

Package caption Warning: Unused \captionsetup[lstlisting] on input line 167.
See the caption package documentation for explanation.

Package atveryend Info: Empty hook `BeforeClearDocument' on input line 66.
[52]
Package atveryend Info: Empty hook `AfterLastShipout' on input line 66.
 (./main.aux)
Package atveryend Info: Executing hook `AtVeryEndDocument' on input line 66.
Package atveryend Info: Executing hook `AtEndAfterFileList' on input line 66.
Package rerunfilecheck Info: File `main.out' has not changed.
(rerunfilecheck)             Checksum: E1A99387E93EF69356DCB5D9758AF3C2;3690.


LaTeX Warning: There were multiply-defined labels.

Package atveryend Info: Empty hook `AtVeryVeryEnd' on input line 66.
 ) 
Here is how much of TeX's memory you used:
 12713 strings out of 493117
 195174 string characters out of 6135433
 323962 words of memory out of 5000000
 15587 multiletter control sequences out of 15000+600000
 35866 words of font info for 66 fonts, out of 8000000 for 9000
 1141 hyphenation exceptions out of 8191
 43i,11n,59p,2068b,513s stack positions out of 5000i,500n,10000p,200000b,80000s
{/usr/local/texlive/2014/texmf-dist/fonts/enc/dvips/base/8r.enc}</usr/local/t
exlive/2014/texmf-dist/fonts/type1/public/amsfonts/cm/cmr8.pfb></usr/local/texl
ive/2014/texmf-dist/fonts/type1/urw/courier/ucrr8a.pfb></usr/local/texlive/2014
/texmf-dist/fonts/type1/urw/helvetic/uhvb8a.pfb></usr/local/texlive/2014/texmf-
dist/fonts/type1/urw/palatino/uplb8a.pfb></usr/local/texlive/2014/texmf-dist/fo
nts/type1/urw/palatino/uplr8a.pfb></usr/local/texlive/2014/texmf-dist/fonts/typ
e1/urw/palatino/uplr8a.pfb></usr/local/texlive/2014/texmf-dist/fonts/type1/urw/
palatino/uplri8a.pfb>
Output written on main.pdf (66 pages, 1137442 bytes).
PDF statistics:
 920 PDF objects out of 1000 (max. 8388607)
 799 compressed objects within 8 object streams
 253 named destinations out of 1000 (max. 500000)
 579 words of extra memory for PDF output out of 10000 (max. 10000000)

